<?xml version="1.0" encoding="GB2312"?>
<!DOCTYPE SystemConfig SYSTEM "">
<SystemConfig>
	<AttrDefine>
		<Attr name="CPURatio" valueType="percent" interval="500" comment="主机的cpu使用率">
			<app name="dbnode"/>
		</Attr>
		<Attr name="MemRatio" valueType="percent" interval="500" comment="实例的占用的内存比率">
			<app name="dbnode"/>
		</Attr>
	</AttrDefine>
</SystemConfig>
